<?xml version="1.0" encoding="UTF-8"?>
<testsuite xmlns:xsi="http://www.w3.org/2001/XMLSchema-instance" xsi:noNamespaceSchemaLocation="https://maven.apache.org/surefire/maven-surefire-plugin/xsd/surefire-test-report-3.0.xsd" version="3.0" name="com.ap08.AP08.Ap08ApplicationTests" time="6.601" tests="1" errors="0" skipped="0" failures="0">
  <properties>
    <property name="java.specification.version" value="17"/>
    <property name="sun.cpu.isalist" value="amd64"/>
    <property name="sun.jnu.encoding" value="Cp1256"/>
    <property name="java.class.path" value="F:\workspace-spring-tool-suite-4-4.22.0.RELEASE\AP08\target\test-classes;F:\workspace-spring-tool-suite-4-4.22.0.RELEASE\AP08\target\classes;C:\Users\LKTech\.m2\repository\org\springframework\boot\spring-boot-starter-data-jdbc\3.2.5\spring-boot-starter-data-jdbc-3.2.5.jar;C:\Users\LKTech\.m2\repository\org\springframework\boot\spring-boot-starter-jdbc\3.2.5\spring-boot-starter-jdbc-3.2.5.jar;C:\Users\LKTech\.m2\repository\com\zaxxer\HikariCP\5.0.1\HikariCP-5.0.1.jar;C:\Users\LKTech\.m2\repository\org\springframework\spring-jdbc\6.1.6\spring-jdbc-6.1.6.jar;C:\Users\LKTech\.m2\repository\org\springframework\data\spring-data-jdbc\3.2.5\spring-data-jdbc-3.2.5.jar;C:\Users\LKTech\.m2\repository\org\springframework\data\spring-data-relational\3.2.5\spring-data-relational-3.2.5.jar;C:\Users\LKTech\.m2\repository\com\github\jsqlparser\jsqlparser\4.6\jsqlparser-4.6.jar;C:\Users\LKTech\.m2\repository\org\springframework\data\spring-data-commons\3.2.5\spring-data-commons-3.2.5.jar;C:\Users\LKTech\.m2\repository\org\springframework\spring-tx\6.1.6\spring-tx-6.1.6.jar;C:\Users\LKTech\.m2\repository\org\springframework\spring-context\6.1.6\spring-context-6.1.6.jar;C:\Users\LKTech\.m2\repository\org\springframework\spring-beans\6.1.6\spring-beans-6.1.6.jar;C:\Users\LKTech\.m2\repository\org\slf4j\slf4j-api\2.0.13\slf4j-api-2.0.13.jar;C:\Users\LKTech\.m2\repository\org\springframework\boot\spring-boot-starter-web\3.2.5\spring-boot-starter-web-3.2.5.jar;C:\Users\LKTech\.m2\repository\org\springframework\boot\spring-boot-starter\3.2.5\spring-boot-starter-3.2.5.jar;C:\Users\LKTech\.m2\repository\org\springframework\boot\spring-boot\3.2.5\spring-boot-3.2.5.jar;C:\Users\LKTech\.m2\repository\org\springframework\boot\spring-boot-autoconfigure\3.2.5\spring-boot-autoconfigure-3.2.5.jar;C:\Users\LKTech\.m2\repository\org\springframework\boot\spring-boot-starter-logging\3.2.5\spring-boot-starter-logging-3.2.5.jar;C:\Users\LKTech\.m2\repository\ch\qos\logback\logback-classic\1.4.14\logback-classic-1.4.14.jar;C:\Users\LKTech\.m2\repository\ch\qos\logback\logback-core\1.4.14\logback-core-1.4.14.jar;C:\Users\LKTech\.m2\repository\org\apache\logging\log4j\log4j-to-slf4j\2.21.1\log4j-to-slf4j-2.21.1.jar;C:\Users\LKTech\.m2\repository\org\apache\logging\log4j\log4j-api\2.21.1\log4j-api-2.21.1.jar;C:\Users\LKTech\.m2\repository\org\slf4j\jul-to-slf4j\2.0.13\jul-to-slf4j-2.0.13.jar;C:\Users\LKTech\.m2\repository\jakarta\annotation\jakarta.annotation-api\2.1.1\jakarta.annotation-api-2.1.1.jar;C:\Users\LKTech\.m2\repository\org\yaml\snakeyaml\2.2\snakeyaml-2.2.jar;C:\Users\LKTech\.m2\repository\org\springframework\boot\spring-boot-starter-json\3.2.5\spring-boot-starter-json-3.2.5.jar;C:\Users\LKTech\.m2\repository\com\fasterxml\jackson\core\jackson-databind\2.15.4\jackson-databind-2.15.4.jar;C:\Users\LKTech\.m2\repository\com\fasterxml\jackson\core\jackson-annotations\2.15.4\jackson-annotations-2.15.4.jar;C:\Users\LKTech\.m2\repository\com\fasterxml\jackson\core\jackson-core\2.15.4\jackson-core-2.15.4.jar;C:\Users\LKTech\.m2\repository\com\fasterxml\jackson\datatype\jackson-datatype-jdk8\2.15.4\jackson-datatype-jdk8-2.15.4.jar;C:\Users\LKTech\.m2\repository\com\fasterxml\jackson\datatype\jackson-datatype-jsr310\2.15.4\jackson-datatype-jsr310-2.15.4.jar;C:\Users\LKTech\.m2\repository\com\fasterxml\jackson\module\jackson-module-parameter-names\2.15.4\jackson-module-parameter-names-2.15.4.jar;C:\Users\LKTech\.m2\repository\org\springframework\boot\spring-boot-starter-tomcat\3.2.5\spring-boot-starter-tomcat-3.2.5.jar;C:\Users\LKTech\.m2\repository\org\apache\tomcat\embed\tomcat-embed-core\10.1.20\tomcat-embed-core-10.1.20.jar;C:\Users\LKTech\.m2\repository\org\apache\tomcat\embed\tomcat-embed-el\10.1.20\tomcat-embed-el-10.1.20.jar;C:\Users\LKTech\.m2\repository\org\apache\tomcat\embed\tomcat-embed-websocket\10.1.20\tomcat-embed-websocket-10.1.20.jar;C:\Users\LKTech\.m2\repository\org\springframework\spring-web\6.1.6\spring-web-6.1.6.jar;C:\Users\LKTech\.m2\repository\io\micrometer\micrometer-observation\1.12.5\micrometer-observation-1.12.5.jar;C:\Users\LKTech\.m2\repository\io\micrometer\micrometer-commons\1.12.5\micrometer-commons-1.12.5.jar;C:\Users\LKTech\.m2\repository\org\springframework\spring-webmvc\6.1.6\spring-webmvc-6.1.6.jar;C:\Users\LKTech\.m2\repository\org\springframework\spring-aop\6.1.6\spring-aop-6.1.6.jar;C:\Users\LKTech\.m2\repository\org\springframework\spring-expression\6.1.6\spring-expression-6.1.6.jar;C:\Users\LKTech\.m2\repository\org\projectlombok\lombok\1.18.32\lombok-1.18.32.jar;C:\Users\LKTech\.m2\repository\org\postgresql\postgresql\42.6.2\postgresql-42.6.2.jar;C:\Users\LKTech\.m2\repository\org\checkerframework\checker-qual\3.31.0\checker-qual-3.31.0.jar;C:\Users\LKTech\.m2\repository\org\springframework\boot\spring-boot-starter-test\3.2.5\spring-boot-starter-test-3.2.5.jar;C:\Users\LKTech\.m2\repository\org\springframework\boot\spring-boot-test\3.2.5\spring-boot-test-3.2.5.jar;C:\Users\LKTech\.m2\repository\org\springframework\boot\spring-boot-test-autoconfigure\3.2.5\spring-boot-test-autoconfigure-3.2.5.jar;C:\Users\LKTech\.m2\repository\com\jayway\jsonpath\json-path\2.9.0\json-path-2.9.0.jar;C:\Users\LKTech\.m2\repository\jakarta\xml\bind\jakarta.xml.bind-api\4.0.2\jakarta.xml.bind-api-4.0.2.jar;C:\Users\LKTech\.m2\repository\jakarta\activation\jakarta.activation-api\2.1.3\jakarta.activation-api-2.1.3.jar;C:\Users\LKTech\.m2\repository\net\minidev\json-smart\2.5.1\json-smart-2.5.1.jar;C:\Users\LKTech\.m2\repository\net\minidev\accessors-smart\2.5.1\accessors-smart-2.5.1.jar;C:\Users\LKTech\.m2\repository\org\ow2\asm\asm\9.6\asm-9.6.jar;C:\Users\LKTech\.m2\repository\org\assertj\assertj-core\3.24.2\assertj-core-3.24.2.jar;C:\Users\LKTech\.m2\repository\net\bytebuddy\byte-buddy\1.14.13\byte-buddy-1.14.13.jar;C:\Users\LKTech\.m2\repository\org\awaitility\awaitility\4.2.1\awaitility-4.2.1.jar;C:\Users\LKTech\.m2\repository\org\hamcrest\hamcrest\2.2\hamcrest-2.2.jar;C:\Users\LKTech\.m2\repository\org\junit\jupiter\junit-jupiter\5.10.2\junit-jupiter-5.10.2.jar;C:\Users\LKTech\.m2\repository\org\junit\jupiter\junit-jupiter-api\5.10.2\junit-jupiter-api-5.10.2.jar;C:\Users\LKTech\.m2\repository\org\opentest4j\opentest4j\1.3.0\opentest4j-1.3.0.jar;C:\Users\LKTech\.m2\repository\org\junit\platform\junit-platform-commons\1.10.2\junit-platform-commons-1.10.2.jar;C:\Users\LKTech\.m2\repository\org\apiguardian\apiguardian-api\1.1.2\apiguardian-api-1.1.2.jar;C:\Users\LKTech\.m2\repository\org\junit\jupiter\junit-jupiter-params\5.10.2\junit-jupiter-params-5.10.2.jar;C:\Users\LKTech\.m2\repository\org\junit\jupiter\junit-jupiter-engine\5.10.2\junit-jupiter-engine-5.10.2.jar;C:\Users\LKTech\.m2\repository\org\junit\platform\junit-platform-engine\1.10.2\junit-platform-engine-1.10.2.jar;C:\Users\LKTech\.m2\repository\org\mockito\mockito-core\5.7.0\mockito-core-5.7.0.jar;C:\Users\LKTech\.m2\repository\net\bytebuddy\byte-buddy-agent\1.14.13\byte-buddy-agent-1.14.13.jar;C:\Users\LKTech\.m2\repository\org\objenesis\objenesis\3.3\objenesis-3.3.jar;C:\Users\LKTech\.m2\repository\org\mockito\mockito-junit-jupiter\5.7.0\mockito-junit-jupiter-5.7.0.jar;C:\Users\LKTech\.m2\repository\org\skyscreamer\jsonassert\1.5.1\jsonassert-1.5.1.jar;C:\Users\LKTech\.m2\repository\com\vaadin\external\google\android-json\0.0.20131108.vaadin1\android-json-0.0.20131108.vaadin1.jar;C:\Users\LKTech\.m2\repository\org\springframework\spring-core\6.1.6\spring-core-6.1.6.jar;C:\Users\LKTech\.m2\repository\org\springframework\spring-jcl\6.1.6\spring-jcl-6.1.6.jar;C:\Users\LKTech\.m2\repository\org\springframework\spring-test\6.1.6\spring-test-6.1.6.jar;C:\Users\LKTech\.m2\repository\org\xmlunit\xmlunit-core\2.9.1\xmlunit-core-2.9.1.jar;"/>
    <property name="java.vm.vendor" value="Oracle Corporation"/>
    <property name="sun.arch.data.model" value="64"/>
    <property name="user.variant" value=""/>
    <property name="java.vendor.url" value="https://java.oracle.com/"/>
    <property name="user.timezone" value="GMT+01:00"/>
    <property name="user.country.format" value="DZ"/>
    <property name="os.name" value="Windows 11"/>
    <property name="java.vm.specification.version" value="17"/>
    <property name="sun.java.launcher" value="SUN_STANDARD"/>
    <property name="user.country" value="FR"/>
    <property name="sun.boot.library.path" value="C:\Program Files\Java\jdk-17\bin"/>
    <property name="sun.java.command" value="C:\Users\LKTech\AppData\Local\Temp\surefire12215335861040700667\surefirebooter-20240427185012627_3.jar C:\Users\LKTech\AppData\Local\Temp\surefire12215335861040700667 2024-04-27T18-50-12_382-jvmRun1 surefire-20240427185012627_1tmp surefire_0-20240427185012627_2tmp"/>
    <property name="jdk.debug" value="release"/>
    <property name="surefire.test.class.path" value="F:\workspace-spring-tool-suite-4-4.22.0.RELEASE\AP08\target\test-classes;F:\workspace-spring-tool-suite-4-4.22.0.RELEASE\AP08\target\classes;C:\Users\LKTech\.m2\repository\org\springframework\boot\spring-boot-starter-data-jdbc\3.2.5\spring-boot-starter-data-jdbc-3.2.5.jar;C:\Users\LKTech\.m2\repository\org\springframework\boot\spring-boot-starter-jdbc\3.2.5\spring-boot-starter-jdbc-3.2.5.jar;C:\Users\LKTech\.m2\repository\com\zaxxer\HikariCP\5.0.1\HikariCP-5.0.1.jar;C:\Users\LKTech\.m2\repository\org\springframework\spring-jdbc\6.1.6\spring-jdbc-6.1.6.jar;C:\Users\LKTech\.m2\repository\org\springframework\data\spring-data-jdbc\3.2.5\spring-data-jdbc-3.2.5.jar;C:\Users\LKTech\.m2\repository\org\springframework\data\spring-data-relational\3.2.5\spring-data-relational-3.2.5.jar;C:\Users\LKTech\.m2\repository\com\github\jsqlparser\jsqlparser\4.6\jsqlparser-4.6.jar;C:\Users\LKTech\.m2\repository\org\springframework\data\spring-data-commons\3.2.5\spring-data-commons-3.2.5.jar;C:\Users\LKTech\.m2\repository\org\springframework\spring-tx\6.1.6\spring-tx-6.1.6.jar;C:\Users\LKTech\.m2\repository\org\springframework\spring-context\6.1.6\spring-context-6.1.6.jar;C:\Users\LKTech\.m2\repository\org\springframework\spring-beans\6.1.6\spring-beans-6.1.6.jar;C:\Users\LKTech\.m2\repository\org\slf4j\slf4j-api\2.0.13\slf4j-api-2.0.13.jar;C:\Users\LKTech\.m2\repository\org\springframework\boot\spring-boot-starter-web\3.2.5\spring-boot-starter-web-3.2.5.jar;C:\Users\LKTech\.m2\repository\org\springframework\boot\spring-boot-starter\3.2.5\spring-boot-starter-3.2.5.jar;C:\Users\LKTech\.m2\repository\org\springframework\boot\spring-boot\3.2.5\spring-boot-3.2.5.jar;C:\Users\LKTech\.m2\repository\org\springframework\boot\spring-boot-autoconfigure\3.2.5\spring-boot-autoconfigure-3.2.5.jar;C:\Users\LKTech\.m2\repository\org\springframework\boot\spring-boot-starter-logging\3.2.5\spring-boot-starter-logging-3.2.5.jar;C:\Users\LKTech\.m2\repository\ch\qos\logback\logback-classic\1.4.14\logback-classic-1.4.14.jar;C:\Users\LKTech\.m2\repository\ch\qos\logback\logback-core\1.4.14\logback-core-1.4.14.jar;C:\Users\LKTech\.m2\repository\org\apache\logging\log4j\log4j-to-slf4j\2.21.1\log4j-to-slf4j-2.21.1.jar;C:\Users\LKTech\.m2\repository\org\apache\logging\log4j\log4j-api\2.21.1\log4j-api-2.21.1.jar;C:\Users\LKTech\.m2\repository\org\slf4j\jul-to-slf4j\2.0.13\jul-to-slf4j-2.0.13.jar;C:\Users\LKTech\.m2\repository\jakarta\annotation\jakarta.annotation-api\2.1.1\jakarta.annotation-api-2.1.1.jar;C:\Users\LKTech\.m2\repository\org\yaml\snakeyaml\2.2\snakeyaml-2.2.jar;C:\Users\LKTech\.m2\repository\org\springframework\boot\spring-boot-starter-json\3.2.5\spring-boot-starter-json-3.2.5.jar;C:\Users\LKTech\.m2\repository\com\fasterxml\jackson\core\jackson-databind\2.15.4\jackson-databind-2.15.4.jar;C:\Users\LKTech\.m2\repository\com\fasterxml\jackson\core\jackson-annotations\2.15.4\jackson-annotations-2.15.4.jar;C:\Users\LKTech\.m2\repository\com\fasterxml\jackson\core\jackson-core\2.15.4\jackson-core-2.15.4.jar;C:\Users\LKTech\.m2\repository\com\fasterxml\jackson\datatype\jackson-datatype-jdk8\2.15.4\jackson-datatype-jdk8-2.15.4.jar;C:\Users\LKTech\.m2\repository\com\fasterxml\jackson\datatype\jackson-datatype-jsr310\2.15.4\jackson-datatype-jsr310-2.15.4.jar;C:\Users\LKTech\.m2\repository\com\fasterxml\jackson\module\jackson-module-parameter-names\2.15.4\jackson-module-parameter-names-2.15.4.jar;C:\Users\LKTech\.m2\repository\org\springframework\boot\spring-boot-starter-tomcat\3.2.5\spring-boot-starter-tomcat-3.2.5.jar;C:\Users\LKTech\.m2\repository\org\apache\tomcat\embed\tomcat-embed-core\10.1.20\tomcat-embed-core-10.1.20.jar;C:\Users\LKTech\.m2\repository\org\apache\tomcat\embed\tomcat-embed-el\10.1.20\tomcat-embed-el-10.1.20.jar;C:\Users\LKTech\.m2\repository\org\apache\tomcat\embed\tomcat-embed-websocket\10.1.20\tomcat-embed-websocket-10.1.20.jar;C:\Users\LKTech\.m2\repository\org\springframework\spring-web\6.1.6\spring-web-6.1.6.jar;C:\Users\LKTech\.m2\repository\io\micrometer\micrometer-observation\1.12.5\micrometer-observation-1.12.5.jar;C:\Users\LKTech\.m2\repository\io\micrometer\micrometer-commons\1.12.5\micrometer-commons-1.12.5.jar;C:\Users\LKTech\.m2\repository\org\springframework\spring-webmvc\6.1.6\spring-webmvc-6.1.6.jar;C:\Users\LKTech\.m2\repository\org\springframework\spring-aop\6.1.6\spring-aop-6.1.6.jar;C:\Users\LKTech\.m2\repository\org\springframework\spring-expression\6.1.6\spring-expression-6.1.6.jar;C:\Users\LKTech\.m2\repository\org\projectlombok\lombok\1.18.32\lombok-1.18.32.jar;C:\Users\LKTech\.m2\repository\org\postgresql\postgresql\42.6.2\postgresql-42.6.2.jar;C:\Users\LKTech\.m2\repository\org\checkerframework\checker-qual\3.31.0\checker-qual-3.31.0.jar;C:\Users\LKTech\.m2\repository\org\springframework\boot\spring-boot-starter-test\3.2.5\spring-boot-starter-test-3.2.5.jar;C:\Users\LKTech\.m2\repository\org\springframework\boot\spring-boot-test\3.2.5\spring-boot-test-3.2.5.jar;C:\Users\LKTech\.m2\repository\org\springframework\boot\spring-boot-test-autoconfigure\3.2.5\spring-boot-test-autoconfigure-3.2.5.jar;C:\Users\LKTech\.m2\repository\com\jayway\jsonpath\json-path\2.9.0\json-path-2.9.0.jar;C:\Users\LKTech\.m2\repository\jakarta\xml\bind\jakarta.xml.bind-api\4.0.2\jakarta.xml.bind-api-4.0.2.jar;C:\Users\LKTech\.m2\repository\jakarta\activation\jakarta.activation-api\2.1.3\jakarta.activation-api-2.1.3.jar;C:\Users\LKTech\.m2\repository\net\minidev\json-smart\2.5.1\json-smart-2.5.1.jar;C:\Users\LKTech\.m2\repository\net\minidev\accessors-smart\2.5.1\accessors-smart-2.5.1.jar;C:\Users\LKTech\.m2\repository\org\ow2\asm\asm\9.6\asm-9.6.jar;C:\Users\LKTech\.m2\repository\org\assertj\assertj-core\3.24.2\assertj-core-3.24.2.jar;C:\Users\LKTech\.m2\repository\net\bytebuddy\byte-buddy\1.14.13\byte-buddy-1.14.13.jar;C:\Users\LKTech\.m2\repository\org\awaitility\awaitility\4.2.1\awaitility-4.2.1.jar;C:\Users\LKTech\.m2\repository\org\hamcrest\hamcrest\2.2\hamcrest-2.2.jar;C:\Users\LKTech\.m2\repository\org\junit\jupiter\junit-jupiter\5.10.2\junit-jupiter-5.10.2.jar;C:\Users\LKTech\.m2\repository\org\junit\jupiter\junit-jupiter-api\5.10.2\junit-jupiter-api-5.10.2.jar;C:\Users\LKTech\.m2\repository\org\opentest4j\opentest4j\1.3.0\opentest4j-1.3.0.jar;C:\Users\LKTech\.m2\repository\org\junit\platform\junit-platform-commons\1.10.2\junit-platform-commons-1.10.2.jar;C:\Users\LKTech\.m2\repository\org\apiguardian\apiguardian-api\1.1.2\apiguardian-api-1.1.2.jar;C:\Users\LKTech\.m2\repository\org\junit\jupiter\junit-jupiter-params\5.10.2\junit-jupiter-params-5.10.2.jar;C:\Users\LKTech\.m2\repository\org\junit\jupiter\junit-jupiter-engine\5.10.2\junit-jupiter-engine-5.10.2.jar;C:\Users\LKTech\.m2\repository\org\junit\platform\junit-platform-engine\1.10.2\junit-platform-engine-1.10.2.jar;C:\Users\LKTech\.m2\repository\org\mockito\mockito-core\5.7.0\mockito-core-5.7.0.jar;C:\Users\LKTech\.m2\repository\net\bytebuddy\byte-buddy-agent\1.14.13\byte-buddy-agent-1.14.13.jar;C:\Users\LKTech\.m2\repository\org\objenesis\objenesis\3.3\objenesis-3.3.jar;C:\Users\LKTech\.m2\repository\org\mockito\mockito-junit-jupiter\5.7.0\mockito-junit-jupiter-5.7.0.jar;C:\Users\LKTech\.m2\repository\org\skyscreamer\jsonassert\1.5.1\jsonassert-1.5.1.jar;C:\Users\LKTech\.m2\repository\com\vaadin\external\google\android-json\0.0.20131108.vaadin1\android-json-0.0.20131108.vaadin1.jar;C:\Users\LKTech\.m2\repository\org\springframework\spring-core\6.1.6\spring-core-6.1.6.jar;C:\Users\LKTech\.m2\repository\org\springframework\spring-jcl\6.1.6\spring-jcl-6.1.6.jar;C:\Users\LKTech\.m2\repository\org\springframework\spring-test\6.1.6\spring-test-6.1.6.jar;C:\Users\LKTech\.m2\repository\org\xmlunit\xmlunit-core\2.9.1\xmlunit-core-2.9.1.jar;"/>
    <property name="sun.cpu.endian" value="little"/>
    <property name="user.home" value="C:\Users\LKTech"/>
    <property name="user.language" value="fr"/>
    <property name="java.specification.vendor" value="Oracle Corporation"/>
    <property name="java.version.date" value="2023-07-18"/>
    <property name="java.home" value="C:\Program Files\Java\jdk-17"/>
    <property name="file.separator" value="\"/>
    <property name="basedir" value="F:\workspace-spring-tool-suite-4-4.22.0.RELEASE\AP08"/>
    <property name="java.vm.compressedOopsMode" value="32-bit"/>
    <property name="line.separator" value="&#10;"/>
    <property name="java.vm.specification.vendor" value="Oracle Corporation"/>
    <property name="java.specification.name" value="Java Platform API Specification"/>
    <property name="FILE_LOG_CHARSET" value="windows-1256"/>
    <property name="java.awt.headless" value="true"/>
    <property name="surefire.real.class.path" value="C:\Users\LKTech\AppData\Local\Temp\surefire12215335861040700667\surefirebooter-20240427185012627_3.jar"/>
    <property name="user.script" value=""/>
    <property name="sun.management.compiler" value="HotSpot 64-Bit Tiered Compilers"/>
    <property name="java.runtime.version" value="17.0.8+9-LTS-211"/>
    <property name="user.name" value="LKTech"/>
    <property name="path.separator" value=";"/>
    <property name="os.version" value="10.0"/>
    <property name="java.runtime.name" value="Java(TM) SE Runtime Environment"/>
    <property name="file.encoding" value="Cp1256"/>
    <property name="java.vm.name" value="Java HotSpot(TM) 64-Bit Server VM"/>
    <property name="localRepository" value="C:\Users\LKTech\.m2\repository"/>
    <property name="java.vendor.url.bug" value="https://bugreport.java.com/bugreport/"/>
    <property name="java.io.tmpdir" value="C:\Users\LKTech\AppData\Local\Temp\"/>
    <property name="com.zaxxer.hikari.pool_number" value="1"/>
    <property name="java.version" value="17.0.8"/>
    <property name="user.dir" value="F:\workspace-spring-tool-suite-4-4.22.0.RELEASE\AP08"/>
    <property name="os.arch" value="amd64"/>
    <property name="java.vm.specification.name" value="Java Virtual Machine Specification"/>
    <property name="PID" value="6352"/>
    <property name="sun.os.patch.level" value=""/>
    <property name="CONSOLE_LOG_CHARSET" value="windows-1256"/>
    <property name="native.encoding" value="Cp1256"/>
    <property name="java.library.path" value="C:\Program Files\Java\jdk-17\bin;C:\Windows\Sun\Java\bin;C:\Windows\system32;C:\Windows;C:\Python312\Scripts\;C:\Python312\;C:\Program Files (x86)\Borland\Delphi7\Bin;C:\Program Files (x86)\Borland\Delphi7\Projects\Bpl\;C:\Program Files\Common Files\Oracle\Java\javapath;C:\Windows\system32;C:\Windows;C:\Windows\System32\Wbem;C:\Windows\System32\WindowsPowerShell\v1.0\;C:\Windows\System32\OpenSSH\;C:\Program Files\apache-maven-3.9.5-bin\apache-maven-3.9.5\bin;C:\Program Files\Java\jdk-17\bin;C:\ProgramData\chocolatey\bin;C:\Program Files\nodejs\;C:\Program Files\Git\cmd;C:\Users\LKTech\AppData\Local\Microsoft\WindowsApps;C:\Users\LKTech\AppData\Local\Programs\Microsoft VS Code\bin;C:\Program Files\JetBrains\IntelliJ IDEA Community Edition 2023.2.5\bin;;C:\Users\LKTech\AppData\Roaming\npm;C:\Program Files\PostgreSQL\16\bin;C:\Program Files\PostgreSQL\16\lib;C:\Program Files\MongoDB\Server\4.4\bin;C:\apache-maven-3.9.6-bin\apache-maven-3.9.6\bin;;."/>
    <property name="java.vm.info" value="mixed mode, sharing"/>
    <property name="java.vendor" value="Oracle Corporation"/>
    <property name="java.vm.version" value="17.0.8+9-LTS-211"/>
    <property name="sun.io.unicode.encoding" value="UnicodeLittle"/>
    <property name="java.class.version" value="61.0"/>
    <property name="LOGGED_APPLICATION_NAME" value="[AP08] "/>
  </properties>
  <testcase name="contextLoads" classname="com.ap08.AP08.Ap08ApplicationTests" time="2.315">
    <system-out><![CDATA[18:50:13.771 [main] INFO org.springframework.test.context.support.AnnotationConfigContextLoaderUtils -- Could not detect default configuration classes for test class [com.ap08.AP08.Ap08ApplicationTests]: Ap08ApplicationTests does not declare any static, non-private, non-final, nested classes annotated with @Configuration.
18:50:13.934 [main] INFO org.springframework.boot.test.context.SpringBootTestContextBootstrapper -- Found @SpringBootConfiguration com.ap08.AP08.Ap08Application for test class com.ap08.AP08.Ap08ApplicationTests

  .   ____          _            __ _ _
 /\\ / ___'_ __ _ _(_)_ __  __ _ \ \ \ \
( ( )\___ | '_ | '_| | '_ \/ _` | \ \ \ \
 \\/  ___)| |_)| | | | | || (_| |  ) ) ) )
  '  |____| .__|_| |_|_| |_\__, | / / / /
 =========|_|==============|___/=/_/_/_/
 :: Spring Boot ::                (v3.2.5)

2024-04-27T18:50:14.628+01:00  INFO 6352 --- [AP08] [           main] com.ap08.AP08.Ap08ApplicationTests       : Starting Ap08ApplicationTests using Java 17.0.8 with PID 6352 (started by LKTech in F:\workspace-spring-tool-suite-4-4.22.0.RELEASE\AP08)
2024-04-27T18:50:14.644+01:00  INFO 6352 --- [AP08] [           main] com.ap08.AP08.Ap08ApplicationTests       : No active profile set, falling back to 1 default profile: "default"
2024-04-27T18:50:15.698+01:00  INFO 6352 --- [AP08] [           main] .s.d.r.c.RepositoryConfigurationDelegate : Bootstrapping Spring Data JDBC repositories in DEFAULT mode.
2024-04-27T18:50:15.724+01:00  INFO 6352 --- [AP08] [           main] .s.d.r.c.RepositoryConfigurationDelegate : Finished Spring Data repository scanning in 18 ms. Found 0 JDBC repository interfaces.
2024-04-27T18:50:16.970+01:00  INFO 6352 --- [AP08] [           main] com.zaxxer.hikari.HikariDataSource       : HikariPool-1 - Starting...
2024-04-27T18:50:17.367+01:00  INFO 6352 --- [AP08] [           main] com.zaxxer.hikari.pool.HikariPool        : HikariPool-1 - Added connection org.postgresql.jdbc.PgConnection@73e776b7
2024-04-27T18:50:17.370+01:00  INFO 6352 --- [AP08] [           main] com.zaxxer.hikari.HikariDataSource       : HikariPool-1 - Start completed.
2024-04-27T18:50:17.690+01:00  INFO 6352 --- [AP08] [           main] com.ap08.AP08.Ap08ApplicationTests       : Started Ap08ApplicationTests in 3.497 seconds (process running for 4.862)
Wilaya(id=2, actif=true, compteCreation=1, compteMaj=1, dateCreation=2016-10-11 12:21:43.475, dateMaj=2016-10-11 12:26:17.396, nomArabe=الشلف, nomLatin=Chlef, nomTamazight=Chlef)
Wilaya(id=4, actif=true, compteCreation=3, compteMaj=3, dateCreation=2017-06-14 05:46:43.0, dateMaj=2017-06-14 05:46:43.0, nomArabe=أم البواقي, nomLatin=Oum El Bouaghi, nomTamazight=Oum El Bouaghi)
Wilaya(id=5, actif=true, compteCreation=3, compteMaj=3, dateCreation=2017-06-14 05:46:43.0, dateMaj=2017-06-14 05:46:43.0, nomArabe=باتنة, nomLatin=Batna, nomTamazight=Batna)
Wilaya(id=6, actif=true, compteCreation=3, compteMaj=3, dateCreation=2017-06-14 05:46:43.0, dateMaj=2017-06-14 05:46:43.0, nomArabe=بجاية, nomLatin=Béjaïa, nomTamazight=Béjaïa)
Wilaya(id=7, actif=true, compteCreation=3, compteMaj=3, dateCreation=2017-06-14 05:46:43.0, dateMaj=2017-06-14 05:46:43.0, nomArabe=بسكرة, nomLatin=Biskra, nomTamazight=Biskra)
Wilaya(id=8, actif=true, compteCreation=3, compteMaj=3, dateCreation=2017-06-14 05:46:43.0, dateMaj=2017-06-14 05:46:43.0, nomArabe=بشار, nomLatin=Béchar, nomTamazight=Béchar)
Wilaya(id=9, actif=true, compteCreation=3, compteMaj=3, dateCreation=2017-06-14 05:46:43.0, dateMaj=2017-06-14 05:46:43.0, nomArabe=البليدة, nomLatin=Blida, nomTamazight=Blida)
Wilaya(id=10, actif=true, compteCreation=3, compteMaj=3, dateCreation=2017-06-14 05:46:43.0, dateMaj=2017-06-14 05:46:43.0, nomArabe=بويرة, nomLatin=Bouira, nomTamazight=Bouira)
Wilaya(id=11, actif=true, compteCreation=3, compteMaj=3, dateCreation=2017-06-14 05:46:43.0, dateMaj=2017-06-14 05:46:43.0, nomArabe=تمنراست, nomLatin=Tamanrasset, nomTamazight=Tamanrasset)
Wilaya(id=12, actif=true, compteCreation=3, compteMaj=3, dateCreation=2017-06-14 05:46:43.0, dateMaj=2017-06-14 05:46:43.0, nomArabe= تبسة, nomLatin=Tébessa, nomTamazight=Tébessa)
Wilaya(id=13, actif=true, compteCreation=3, compteMaj=3, dateCreation=2000-01-01 04:33:00.775, dateMaj=2000-01-01 04:33:00.775, nomArabe=تلمسان, nomLatin=Tlemcen, nomTamazight=Tlemcen)
Wilaya(id=14, actif=true, compteCreation=3, compteMaj=3, dateCreation=2000-01-01 04:33:00.775, dateMaj=2000-01-01 04:33:00.775, nomArabe=تيارت, nomLatin=Tiaret, nomTamazight=Tiaret)
Wilaya(id=15, actif=true, compteCreation=3, compteMaj=3, dateCreation=2000-01-01 04:33:00.775, dateMaj=2000-01-01 04:33:00.775, nomArabe=تيزي وزو, nomLatin=Tizi Ouzou, nomTamazight=Tizi Ouzou)
Wilaya(id=16, actif=true, compteCreation=3, compteMaj=3, dateCreation=2017-06-14 05:46:43.0, dateMaj=2017-06-14 05:46:43.0, nomArabe=الجزائر, nomLatin=Alger, nomTamazight=Alger)
Wilaya(id=17, actif=true, compteCreation=3, compteMaj=3, dateCreation=2017-06-14 05:46:43.0, dateMaj=2017-06-14 05:46:43.0, nomArabe=الجلفة, nomLatin=Djelfa, nomTamazight=Djelfa)
Wilaya(id=18, actif=true, compteCreation=3, compteMaj=3, dateCreation=2017-06-14 05:46:43.0, dateMaj=2017-06-14 05:46:43.0, nomArabe=جيجل, nomLatin=Jijel, nomTamazight=Jijel)
Wilaya(id=19, actif=true, compteCreation=3, compteMaj=3, dateCreation=2000-01-01 04:33:00.775, dateMaj=2000-01-01 04:33:00.775, nomArabe=سطيف, nomLatin=Sétif, nomTamazight=Sétif)
Wilaya(id=20, actif=true, compteCreation=3, compteMaj=3, dateCreation=2000-01-01 04:33:00.775, dateMaj=2000-01-01 04:33:00.775, nomArabe=سعيدة, nomLatin=Saïda, nomTamazight=Saïda)
Wilaya(id=21, actif=true, compteCreation=3, compteMaj=3, dateCreation=2017-06-14 05:46:43.0, dateMaj=2017-06-14 05:46:43.0, nomArabe=سكيكدة, nomLatin=Skikda, nomTamazight=Skikda)
Wilaya(id=22, actif=true, compteCreation=3, compteMaj=3, dateCreation=2017-06-14 05:46:43.0, dateMaj=2017-06-14 05:46:43.0, nomArabe=سيدي بلعباس, nomLatin=Sidi Bel Abbès, nomTamazight=Sidi Bel Abbès)
Wilaya(id=23, actif=true, compteCreation=3, compteMaj=3, dateCreation=2000-01-01 04:33:00.775, dateMaj=2000-01-01 04:33:00.775, nomArabe=عنابة, nomLatin=Annaba, nomTamazight=Annaba)
Wilaya(id=24, actif=true, compteCreation=3, compteMaj=3, dateCreation=2017-06-14 05:46:43.0, dateMaj=2017-06-14 05:46:43.0, nomArabe=قالمة, nomLatin=Guelma, nomTamazight=Guelma)
Wilaya(id=25, actif=true, compteCreation=3, compteMaj=3, dateCreation=2000-01-01 04:33:00.775, dateMaj=2000-01-01 04:33:00.775, nomArabe=قسنطينة, nomLatin=Constantine, nomTamazight=Constantine)
Wilaya(id=26, actif=true, compteCreation=3, compteMaj=3, dateCreation=2000-01-01 04:33:00.775, dateMaj=2000-01-01 04:33:00.775, nomArabe=المدية, nomLatin=Médéa, nomTamazight=Médéa)
Wilaya(id=27, actif=true, compteCreation=3, compteMaj=3, dateCreation=2000-01-01 04:33:00.775, dateMaj=2000-01-01 04:33:00.775, nomArabe=مستغانم, nomLatin=Mostaganem, nomTamazight=Mostaganem)
Wilaya(id=28, actif=true, compteCreation=3, compteMaj=3, dateCreation=2017-06-14 05:46:43.0, dateMaj=2017-06-14 05:46:43.0, nomArabe=مسيلة, nomLatin=M'Sila, nomTamazight=M'Sila)
Wilaya(id=29, actif=true, compteCreation=3, compteMaj=3, dateCreation=2017-06-14 05:46:43.0, dateMaj=2017-06-14 05:46:43.0, nomArabe=معسكر, nomLatin=Mascara, nomTamazight=Mascara)
Wilaya(id=30, actif=true, compteCreation=3, compteMaj=3, dateCreation=2000-01-01 04:33:00.775, dateMaj=2000-01-01 04:33:00.775, nomArabe=ورقلة, nomLatin=Ouargla, nomTamazight=Ouargla)
Wilaya(id=31, actif=true, compteCreation=3, compteMaj=3, dateCreation=2000-01-01 04:33:00.775, dateMaj=2000-01-01 04:33:00.775, nomArabe=وهران, nomLatin=Oran, nomTamazight=Oran)
Wilaya(id=32, actif=true, compteCreation=3, compteMaj=3, dateCreation=2017-06-14 05:46:43.0, dateMaj=2017-06-14 05:46:43.0, nomArabe=البيض, nomLatin=El Bayadh, nomTamazight=El Bayadh)
Wilaya(id=33, actif=true, compteCreation=3, compteMaj=3, dateCreation=2000-01-01 04:33:00.775, dateMaj=2000-01-01 04:33:00.775, nomArabe=إليزي, nomLatin=Illizi, nomTamazight=Illizi)
Wilaya(id=34, actif=true, compteCreation=3, compteMaj=3, dateCreation=2017-06-14 05:46:43.0, dateMaj=2017-06-14 05:46:43.0, nomArabe=برج بوعريريج, nomLatin=Bordj Bou Arreridj, nomTamazight=Bordj Bou Arreridj)
Wilaya(id=35, actif=true, compteCreation=3, compteMaj=3, dateCreation=2017-06-14 05:46:43.0, dateMaj=2017-06-14 05:46:43.0, nomArabe=بومرداس, nomLatin=Boumerdès, nomTamazight=Boumerdès)
Wilaya(id=36, actif=true, compteCreation=3, compteMaj=3, dateCreation=2000-01-01 04:33:00.775, dateMaj=2000-01-01 04:33:00.775, nomArabe=الطارف, nomLatin=El Tarf, nomTamazight=El Tarf)
Wilaya(id=37, actif=true, compteCreation=3, compteMaj=3, dateCreation=2000-01-01 04:33:00.775, dateMaj=2000-01-01 04:33:00.775, nomArabe=تندوف, nomLatin=Tindouf, nomTamazight=Tindouf)
Wilaya(id=38, actif=true, compteCreation=3, compteMaj=3, dateCreation=2000-01-01 04:33:00.775, dateMaj=2000-01-01 04:33:00.775, nomArabe=تيسمسيلت, nomLatin=Tissemsilt, nomTamazight=Tissemsilt)
Wilaya(id=39, actif=true, compteCreation=3, compteMaj=3, dateCreation=2000-01-01 04:33:00.775, dateMaj=2000-01-01 04:33:00.775, nomArabe=الوادي, nomLatin=El Oued, nomTamazight=El Oued)
Wilaya(id=40, actif=true, compteCreation=3, compteMaj=3, dateCreation=2000-01-01 04:33:00.775, dateMaj=2000-01-01 04:33:00.775, nomArabe=خنشلة, nomLatin=Khenchela, nomTamazight=Khenchela)
Wilaya(id=41, actif=true, compteCreation=3, compteMaj=3, dateCreation=2000-01-01 04:33:00.775, dateMaj=2000-01-01 04:33:00.775, nomArabe=سوق أهراس, nomLatin=Souk Ahras, nomTamazight=Souk Ahras)
Wilaya(id=42, actif=true, compteCreation=3, compteMaj=3, dateCreation=2000-01-01 04:33:00.775, dateMaj=2000-01-01 04:33:00.775, nomArabe=تيبازة, nomLatin=Tipaza, nomTamazight=Tipaza)
Wilaya(id=43, actif=true, compteCreation=3, compteMaj=3, dateCreation=2000-01-01 04:33:00.775, dateMaj=2000-01-01 04:33:00.775, nomArabe=ميلة, nomLatin=Mila, nomTamazight=Mila)
Wilaya(id=44, actif=true, compteCreation=3, compteMaj=3, dateCreation=2000-01-01 04:33:00.775, dateMaj=2000-01-01 04:33:00.775, nomArabe=عين الدفلى, nomLatin=Aïn Defla, nomTamazight=Aïn Defla)
Wilaya(id=45, actif=true, compteCreation=3, compteMaj=3, dateCreation=2000-01-01 04:33:00.775, dateMaj=2000-01-01 04:33:00.775, nomArabe=النعامة, nomLatin=Naâma, nomTamazight=Naâma)
Wilaya(id=46, actif=true, compteCreation=3, compteMaj=3, dateCreation=2000-01-01 04:33:00.775, dateMaj=2000-01-01 04:33:00.775, nomArabe=عين تموشنت, nomLatin=Aïn Témouchent, nomTamazight=Aïn Témouchent)
Wilaya(id=47, actif=true, compteCreation=3, compteMaj=3, dateCreation=2000-01-01 04:33:00.775, dateMaj=2000-01-01 04:33:00.775, nomArabe=غرداية, nomLatin=Ghardaïa, nomTamazight=Ghardaïa)
Wilaya(id=48, actif=true, compteCreation=3, compteMaj=3, dateCreation=2000-01-01 04:33:00.775, dateMaj=2000-01-01 04:33:00.775, nomArabe=غليزان, nomLatin=Relizane, nomTamazight=Relizane)
Wilaya(id=3, actif=true, compteCreation=1, compteMaj=0, dateCreation=2016-10-11 12:23:03.145, dateMaj=null, nomArabe=الأغواط, nomLatin=Laghouat, nomTamazight=Laghouat)
Wilaya(id=1, actif=true, compteCreation=1, compteMaj=3, dateCreation=2016-10-11 12:20:57.355, dateMaj=2018-06-14 02:02:23.1, nomArabe=أدرار, nomLatin=Adrar, nomTamazight=Adrar)
Wilaya(id=100, actif=true, compteCreation=1, compteMaj=0, dateCreation=2018-06-30 20:26:47.418948, dateMaj=null, nomArabe=N/R, nomLatin=N/R, nomTamazight=N/R)
Wilaya(id=99, actif=true, compteCreation=1, compteMaj=0, dateCreation=2018-06-30 20:26:47.418948, dateMaj=null, nomArabe= , nomLatin= , nomTamazight= )
]]></system-out>
  </testcase>
</testsuite>